<?xml version="1.0" encoding="UTF-8"?>
<!-- Generated by org.testng.reporters.JUnitReportReporter -->
<testsuite hostname="DESKTOP-TIC5DM4" failures="0" tests="1" name="Annotatons.ReadXml" time="13.847" errors="0" timestamp="2024-11-22T11:43:45 IST" skipped="0">
  <testcase classname="Annotatons.ReadXml" name="login" time="13.847"/>
  <system-out/>
</testsuite> <!-- Annotatons.ReadXml -->
